2026-04-01 20:58:39,806 INFO pipeline Full inventory pipeline refresh – clearing existing data
2026-04-01 20:58:39,854 INFO pipeline POS sales synced: 0 records, last_id=0
2026-04-01 20:58:39,865 INFO pipeline B2B sales synced: 0 records, last_id=0
2026-04-01 20:58:39,876 INFO pipeline Sales returns synced: 0 records, last_id=0
2026-04-01 20:58:39,885 INFO pipeline Purchases synced: 0 records, last_id=0
2026-04-01 20:58:39,895 INFO pipeline Purchase returns synced: 0 records, last_id=0
2026-04-01 20:58:39,915 INFO pipeline Inventory snapshot refreshed: 0 records
2026-04-01 20:58:39,924 INFO pipeline Inventory pipeline complete: 0 total records in 0.1s
2026-04-01 21:00:17,091 INFO pipeline Full financial pipeline refresh – clearing existing data
2026-04-01 21:00:17,135 INFO pipeline Journal entries synced: 0 records, last_id=0
2026-04-01 21:00:17,146 INFO pipeline GSTR-1 synced: 0 records
2026-04-01 21:00:17,156 INFO pipeline GSTR-3B synced: 0 records
2026-04-01 21:00:17,166 INFO pipeline GSTR-2B synced: 0 records
2026-04-01 21:00:17,177 INFO pipeline ITC reconciliation synced: 0 records
2026-04-01 21:00:17,188 INFO pipeline RCM synced: 0 records
2026-04-01 21:00:17,199 INFO pipeline TDS deductions synced: 0 records, last_id=0
2026-04-01 21:00:17,209 INFO pipeline Financial pipeline complete: 0 total records in 0.1s
2026-04-01 21:00:21,484 INFO pipeline Full inventory pipeline refresh – clearing existing data
2026-04-01 21:00:21,534 INFO pipeline POS sales synced: 0 records, last_id=0
2026-04-01 21:00:21,545 INFO pipeline B2B sales synced: 0 records, last_id=0
2026-04-01 21:00:21,555 INFO pipeline Sales returns synced: 0 records, last_id=0
2026-04-01 21:00:21,567 INFO pipeline Purchases synced: 0 records, last_id=0
2026-04-01 21:00:21,577 INFO pipeline Purchase returns synced: 0 records, last_id=0
2026-04-01 21:00:21,598 INFO pipeline Inventory snapshot refreshed: 0 records
2026-04-01 21:00:21,607 INFO pipeline Inventory pipeline complete: 0 total records in 0.1s
2026-04-01 21:00:21,607 INFO pipeline Full financial pipeline refresh – clearing existing data
2026-04-01 21:00:21,644 INFO pipeline Journal entries synced: 0 records, last_id=0
2026-04-01 21:00:21,654 INFO pipeline GSTR-1 synced: 0 records
2026-04-01 21:00:21,664 INFO pipeline GSTR-3B synced: 0 records
2026-04-01 21:00:21,675 INFO pipeline GSTR-2B synced: 0 records
2026-04-01 21:00:21,684 INFO pipeline ITC reconciliation synced: 0 records
2026-04-01 21:00:21,697 INFO pipeline RCM synced: 0 records
2026-04-01 21:00:21,710 INFO pipeline TDS deductions synced: 0 records, last_id=0
2026-04-01 21:00:21,720 INFO pipeline Financial pipeline complete: 0 total records in 0.1s
2026-04-01 21:04:38,326 INFO django.utils.autoreload Watching for file changes with StatReloader
2026-04-01 21:04:44,205 INFO django.utils.autoreload Watching for file changes with StatReloader
2026-04-01 21:04:45,813 WARNING django.request Unauthorized: /api/audit/data-freshness/
2026-04-01 21:04:45,819 WARNING django.request Unauthorized: /api/executive/kpis/
2026-04-01 21:19:44,096 INFO pipeline Full inventory pipeline refresh – clearing existing data
2026-04-01 21:19:44,149 INFO pipeline POS sales synced: 0 records, last_id=0
2026-04-01 21:19:44,160 INFO pipeline B2B sales synced: 0 records, last_id=0
2026-04-01 21:19:44,172 INFO pipeline Sales returns synced: 0 records, last_id=0
2026-04-01 21:19:44,194 INFO pipeline Purchases synced: 1 records, last_id=1
2026-04-01 21:19:44,204 INFO pipeline Purchase returns synced: 0 records, last_id=0
2026-04-01 21:19:44,234 INFO pipeline Inventory snapshot refreshed: 1 records
2026-04-01 21:19:44,243 INFO pipeline Inventory pipeline complete: 2 total records in 0.1s
2026-04-01 21:19:44,243 INFO pipeline Full financial pipeline refresh – clearing existing data
2026-04-01 21:19:44,279 INFO pipeline Journal entries synced: 0 records, last_id=0
2026-04-01 21:19:44,289 INFO pipeline GSTR-1 synced: 0 records
2026-04-01 21:19:44,299 INFO pipeline GSTR-3B synced: 0 records
2026-04-01 21:19:44,309 INFO pipeline GSTR-2B synced: 0 records
2026-04-01 21:19:44,319 INFO pipeline ITC reconciliation synced: 0 records
2026-04-01 21:19:44,329 INFO pipeline RCM synced: 0 records
2026-04-01 21:19:44,339 INFO pipeline TDS deductions synced: 0 records, last_id=0
2026-04-01 21:19:44,348 INFO pipeline Financial pipeline complete: 0 total records in 0.1s
2026-04-01 21:19:44,786 INFO django.utils.autoreload Watching for file changes with StatReloader
2026-04-01 21:24:07,223 INFO pipeline Full inventory pipeline refresh – clearing existing data
2026-04-01 21:24:07,276 INFO pipeline POS sales synced: 0 records, last_id=0
2026-04-01 21:24:07,286 INFO pipeline B2B sales synced: 0 records, last_id=0
2026-04-01 21:24:07,298 INFO pipeline Sales returns synced: 0 records, last_id=0
2026-04-01 21:24:07,320 INFO pipeline Purchases synced: 1 records, last_id=1
2026-04-01 21:24:07,331 INFO pipeline Purchase returns synced: 0 records, last_id=0
2026-04-01 21:24:07,364 INFO pipeline Inventory snapshot refreshed: 1 records
2026-04-01 21:24:07,374 INFO pipeline Inventory pipeline complete: 2 total records in 0.1s
2026-04-01 21:24:07,374 INFO pipeline Full financial pipeline refresh – clearing existing data
2026-04-01 21:24:07,412 INFO pipeline Journal entries synced: 0 records, last_id=0
2026-04-01 21:24:07,423 INFO pipeline GSTR-1 synced: 0 records
2026-04-01 21:24:07,433 INFO pipeline GSTR-3B synced: 0 records
2026-04-01 21:24:07,443 INFO pipeline GSTR-2B synced: 0 records
2026-04-01 21:24:07,454 INFO pipeline ITC reconciliation synced: 0 records
2026-04-01 21:24:07,464 INFO pipeline RCM synced: 0 records
2026-04-01 21:24:07,475 INFO pipeline TDS deductions synced: 0 records, last_id=0
2026-04-01 21:24:07,484 INFO pipeline Financial pipeline complete: 0 total records in 0.1s
2026-04-01 21:24:07,945 INFO django.utils.autoreload Watching for file changes with StatReloader
2026-04-01 21:29:13,006 WARNING django.request Unauthorized: /api/executive/kpis/
2026-04-01 21:29:13,007 WARNING django.request Unauthorized: /api/executive/category-revenue/
2026-04-01 21:29:13,007 WARNING django.request Unauthorized: /api/executive/channel-mix/
2026-04-01 21:29:13,007 WARNING django.request Unauthorized: /api/executive/top-products/
2026-04-01 21:29:13,008 WARNING django.request Unauthorized: /api/executive/revenue-trend/
2026-04-01 21:29:13,013 WARNING django.request Unauthorized: /api/executive/inventory-alerts/
2026-04-01 21:29:13,042 WARNING django.request Unauthorized: /api/executive/kpis/
2026-04-01 21:29:13,056 WARNING django.request Unauthorized: /api/executive/revenue-trend/
2026-04-01 21:29:13,417 WARNING django.request Unauthorized: /api/executive/channel-mix/
2026-04-01 21:29:13,418 WARNING django.request Unauthorized: /api/executive/category-revenue/
2026-04-01 21:29:13,467 WARNING django.request Unauthorized: /api/executive/top-products/
2026-04-01 21:29:13,479 WARNING django.request Unauthorized: /api/executive/inventory-alerts/
2026-04-01 21:29:13,782 WARNING django.request Unauthorized: /api/executive/kpis/
2026-04-01 21:29:13,783 WARNING django.request Unauthorized: /api/executive/revenue-trend/
2026-04-01 21:29:13,783 WARNING django.request Unauthorized: /api/executive/channel-mix/
2026-04-01 21:29:13,784 WARNING django.request Unauthorized: /api/executive/category-revenue/
2026-04-01 21:29:13,785 WARNING django.request Unauthorized: /api/executive/top-products/
2026-04-01 21:29:13,786 WARNING django.request Unauthorized: /api/executive/inventory-alerts/
2026-04-01 21:29:13,834 WARNING django.request Unauthorized: /api/executive/kpis/
2026-04-01 21:29:13,835 WARNING django.request Unauthorized: /api/executive/channel-mix/
2026-04-01 21:29:13,835 WARNING django.request Unauthorized: /api/executive/revenue-trend/
2026-04-01 21:29:13,836 WARNING django.request Unauthorized: /api/executive/category-revenue/
2026-04-01 21:29:13,837 WARNING django.request Unauthorized: /api/executive/top-products/
2026-04-01 21:29:13,838 WARNING django.request Unauthorized: /api/executive/inventory-alerts/
2026-04-01 21:29:17,995 WARNING django.request Unauthorized: /api/executive/kpis/
2026-04-01 21:29:17,996 WARNING django.request Unauthorized: /api/executive/revenue-trend/
2026-04-01 21:29:17,997 WARNING django.request Unauthorized: /api/executive/kpis/
2026-04-01 21:29:17,998 WARNING django.request Unauthorized: /api/executive/revenue-trend/
2026-04-01 21:29:17,998 WARNING django.request Unauthorized: /api/executive/channel-mix/
2026-04-01 21:29:17,999 WARNING django.request Unauthorized: /api/executive/category-revenue/
2026-04-01 21:29:18,000 WARNING django.request Unauthorized: /api/executive/channel-mix/
2026-04-01 21:29:18,002 WARNING django.request Unauthorized: /api/executive/top-products/
2026-04-01 21:29:18,003 WARNING django.request Unauthorized: /api/executive/inventory-alerts/
2026-04-01 21:29:18,005 WARNING django.request Unauthorized: /api/executive/category-revenue/
2026-04-01 21:29:18,006 WARNING django.request Unauthorized: /api/executive/inventory-alerts/
2026-04-01 21:29:18,007 WARNING django.request Unauthorized: /api/executive/top-products/
2026-04-01 21:29:21,993 WARNING django.request Unauthorized: /api/executive/revenue-trend/
2026-04-01 21:29:21,994 WARNING django.request Unauthorized: /api/executive/kpis/
2026-04-01 21:29:21,994 WARNING django.request Unauthorized: /api/executive/channel-mix/
2026-04-01 21:29:21,995 WARNING django.request Unauthorized: /api/executive/category-revenue/
2026-04-01 21:29:21,997 WARNING django.request Unauthorized: /api/executive/top-products/
2026-04-01 21:29:21,999 WARNING django.request Unauthorized: /api/executive/inventory-alerts/
2026-04-01 21:29:22,001 WARNING django.request Unauthorized: /api/executive/kpis/
2026-04-01 21:29:22,002 WARNING django.request Unauthorized: /api/executive/revenue-trend/
2026-04-01 21:29:22,004 WARNING django.request Unauthorized: /api/executive/channel-mix/
2026-04-01 21:29:22,005 WARNING django.request Unauthorized: /api/executive/category-revenue/
2026-04-01 21:29:22,006 WARNING django.request Unauthorized: /api/executive/inventory-alerts/
2026-04-01 21:29:22,007 WARNING django.request Unauthorized: /api/executive/top-products/
2026-04-01 21:29:25,001 WARNING django.request Unauthorized: /api/executive/kpis/
2026-04-01 21:29:25,002 WARNING django.request Unauthorized: /api/executive/revenue-trend/
2026-04-01 21:29:25,003 WARNING django.request Unauthorized: /api/executive/kpis/
2026-04-01 21:29:25,004 WARNING django.request Unauthorized: /api/executive/revenue-trend/
2026-04-01 21:29:25,006 WARNING django.request Unauthorized: /api/executive/channel-mix/
2026-04-01 21:29:25,007 WARNING django.request Unauthorized: /api/executive/channel-mix/
2026-04-01 21:29:25,009 WARNING django.request Unauthorized: /api/executive/category-revenue/
2026-04-01 21:29:25,011 WARNING django.request Unauthorized: /api/executive/top-products/
2026-04-01 21:29:25,012 WARNING django.request Unauthorized: /api/executive/inventory-alerts/
2026-04-01 21:29:25,014 WARNING django.request Unauthorized: /api/executive/category-revenue/
2026-04-01 21:29:25,015 WARNING django.request Unauthorized: /api/executive/top-products/
2026-04-01 21:29:25,018 WARNING django.request Unauthorized: /api/executive/inventory-alerts/
2026-04-01 21:40:39,889 WARNING django.request Unauthorized: /api/executive/revenue-trend/
2026-04-01 21:40:39,890 WARNING django.request Unauthorized: /api/executive/kpis/
2026-04-01 21:40:39,893 WARNING django.request Unauthorized: /api/executive/channel-mix/
2026-04-01 21:40:39,894 WARNING django.request Unauthorized: /api/executive/category-revenue/
2026-04-01 21:40:39,897 WARNING django.request Unauthorized: /api/executive/top-products/
2026-04-01 21:40:39,898 WARNING django.request Unauthorized: /api/executive/inventory-alerts/
2026-04-01 21:40:40,304 WARNING django.request Unauthorized: /api/executive/kpis/
2026-04-01 21:40:40,305 WARNING django.request Unauthorized: /api/executive/category-revenue/
2026-04-01 21:40:40,305 WARNING django.request Unauthorized: /api/executive/channel-mix/
2026-04-01 21:40:40,306 WARNING django.request Unauthorized: /api/executive/revenue-trend/
2026-04-01 21:40:40,307 WARNING django.request Unauthorized: /api/executive/top-products/
2026-04-01 21:40:40,308 WARNING django.request Unauthorized: /api/executive/inventory-alerts/
2026-04-01 21:40:40,750 WARNING django.request Unauthorized: /api/executive/kpis/
2026-04-01 21:40:40,751 WARNING django.request Unauthorized: /api/executive/revenue-trend/
2026-04-01 21:40:40,751 WARNING django.request Unauthorized: /api/executive/channel-mix/
2026-04-01 21:40:40,752 WARNING django.request Unauthorized: /api/executive/category-revenue/
2026-04-01 21:40:40,754 WARNING django.request Unauthorized: /api/executive/top-products/
2026-04-01 21:40:40,755 WARNING django.request Unauthorized: /api/executive/inventory-alerts/
2026-04-01 21:40:42,601 WARNING django.request Unauthorized: /api/financial/pnl/
2026-04-01 21:40:42,601 WARNING django.request Unauthorized: /api/financial/expense-breakdown/
2026-04-01 21:40:42,602 WARNING django.request Unauthorized: /api/financial/balance-sheet/
2026-04-01 21:40:42,604 WARNING django.request Unauthorized: /api/financial/ratios/
2026-04-01 21:40:42,603 WARNING django.request Unauthorized: /api/financial/pnl-trend/
2026-04-01 21:40:44,911 WARNING django.request Unauthorized: /api/executive/kpis/
2026-04-01 21:40:44,913 WARNING django.request Unauthorized: /api/executive/revenue-trend/
2026-04-01 21:40:44,914 WARNING django.request Unauthorized: /api/executive/top-products/
2026-04-01 21:40:44,915 WARNING django.request Unauthorized: /api/executive/channel-mix/
2026-04-01 21:40:44,916 WARNING django.request Unauthorized: /api/executive/category-revenue/
2026-04-01 21:40:44,918 WARNING django.request Unauthorized: /api/executive/inventory-alerts/
2026-04-01 21:40:46,649 WARNING django.request Unauthorized: /api/financial/pnl-trend/
2026-04-01 21:40:46,650 WARNING django.request Unauthorized: /api/financial/pnl/
2026-04-01 21:40:46,652 WARNING django.request Unauthorized: /api/financial/balance-sheet/
2026-04-01 21:40:46,653 WARNING django.request Unauthorized: /api/financial/expense-breakdown/
2026-04-01 21:40:46,654 WARNING django.request Unauthorized: /api/financial/ratios/
2026-04-01 21:41:24,522 WARNING django.request Unauthorized: /api/executive/kpis/
2026-04-01 21:41:24,523 WARNING django.request Unauthorized: /api/executive/revenue-trend/
2026-04-01 21:41:24,524 WARNING django.request Unauthorized: /api/executive/channel-mix/
2026-04-01 21:41:24,525 WARNING django.request Unauthorized: /api/executive/category-revenue/
2026-04-01 21:41:24,528 WARNING django.request Unauthorized: /api/executive/inventory-alerts/
2026-04-01 21:41:24,529 WARNING django.request Unauthorized: /api/executive/top-products/
2026-04-01 21:41:32,655 WARNING django.request Unauthorized: /api/financial/pnl/
2026-04-01 21:41:32,656 WARNING django.request Unauthorized: /api/financial/ratios/
2026-04-01 21:41:32,657 WARNING django.request Unauthorized: /api/financial/expense-breakdown/
2026-04-01 21:41:32,658 WARNING django.request Unauthorized: /api/financial/balance-sheet/
2026-04-01 21:41:32,660 WARNING django.request Unauthorized: /api/financial/pnl-trend/
2026-04-01 21:41:33,588 WARNING django.request Unauthorized: /api/sales/overview/
2026-04-01 21:41:33,589 WARNING django.request Unauthorized: /api/sales/hourly/
2026-04-01 21:41:33,590 WARNING django.request Unauthorized: /api/sales/payment-mix/
2026-04-01 21:41:33,590 WARNING django.request Unauthorized: /api/sales/products/
2026-04-01 21:41:33,593 WARNING django.request Unauthorized: /api/sales/categories/
2026-04-01 21:41:33,594 WARNING django.request Unauthorized: /api/sales/customers/
2026-04-01 21:41:33,598 WARNING django.request Unauthorized: /api/sales/customer-segments/
2026-04-01 21:41:33,599 WARNING django.request Unauthorized: /api/sales/doctors/
2026-04-01 21:41:33,601 WARNING django.request Unauthorized: /api/sales/doctor-specialties/
2026-04-01 21:41:33,603 WARNING django.request Unauthorized: /api/sales/returns/overview/
2026-04-01 21:41:34,752 WARNING django.request Unauthorized: /api/inventory/by-category/
2026-04-01 21:41:34,753 WARNING django.request Unauthorized: /api/inventory/overview/
2026-04-01 21:41:34,753 WARNING django.request Unauthorized: /api/inventory/expiry/
2026-04-01 21:41:34,754 WARNING django.request Unauthorized: /api/inventory/abc-ved/
2026-04-01 21:41:34,755 WARNING django.request Unauthorized: /api/inventory/dead-stock/
2026-04-01 21:41:34,756 WARNING django.request Unauthorized: /api/inventory/efficiency/
2026-04-01 21:41:34,760 WARNING django.request Unauthorized: /api/inventory/batches/
2026-04-01 21:41:34,760 WARNING django.request Unauthorized: /api/inventory/investment/
2026-04-01 21:41:34,762 WARNING django.request Unauthorized: /api/inventory/movement-trend/
2026-04-01 21:41:36,637 WARNING django.request Unauthorized: /api/procurement/supplier-scorecard/
2026-04-01 21:41:36,638 WARNING django.request Unauthorized: /api/procurement/cost-comparison/
2026-04-01 21:41:36,638 WARNING django.request Unauthorized: /api/procurement/price-trend/
2026-04-01 21:41:36,639 WARNING django.request Unauthorized: /api/procurement/payment-terms/
2026-04-01 21:41:36,641 WARNING django.request Unauthorized: /api/procurement/lead-time/
2026-04-01 21:42:54,991 WARNING django.request Unauthorized: /api/executive/revenue-trend/
2026-04-01 21:42:54,991 WARNING django.request Unauthorized: /api/executive/kpis/
2026-04-01 21:42:54,992 WARNING django.request Unauthorized: /api/executive/channel-mix/
2026-04-01 21:42:54,997 WARNING django.request Unauthorized: /api/executive/category-revenue/
2026-04-01 21:42:54,998 WARNING django.request Unauthorized: /api/executive/top-products/
2026-04-01 21:42:54,998 WARNING django.request Unauthorized: /api/executive/inventory-alerts/
2026-04-01 21:43:04,982 WARNING django.request Unauthorized: /api/executive/kpis/
2026-04-01 21:43:04,983 WARNING django.request Unauthorized: /api/executive/revenue-trend/
2026-04-01 21:43:04,985 WARNING django.request Unauthorized: /api/executive/channel-mix/
2026-04-01 21:43:04,987 WARNING django.request Unauthorized: /api/executive/category-revenue/
2026-04-01 21:43:04,988 WARNING django.request Unauthorized: /api/executive/top-products/
2026-04-01 21:43:04,989 WARNING django.request Unauthorized: /api/executive/inventory-alerts/
2026-04-01 21:43:18,994 WARNING django.request Unauthorized: /api/executive/revenue-trend/
2026-04-01 21:43:18,994 WARNING django.request Unauthorized: /api/executive/kpis/
2026-04-01 21:43:18,995 WARNING django.request Unauthorized: /api/executive/channel-mix/
2026-04-01 21:43:18,999 WARNING django.request Unauthorized: /api/executive/category-revenue/
2026-04-01 21:43:19,001 WARNING django.request Unauthorized: /api/executive/inventory-alerts/
2026-04-01 21:43:19,002 WARNING django.request Unauthorized: /api/executive/top-products/
2026-04-01 21:45:40,987 WARNING django.request Not Found: /api/procurement/overview/
2026-04-01 21:45:40,988 WARNING django.request Unauthorized: /api/procurement/supplier-scorecard/
2026-04-01 21:45:40,992 WARNING django.request Unauthorized: /api/procurement/cost-comparison/
2026-04-01 21:45:40,993 WARNING django.request Unauthorized: /api/procurement/price-trend/
2026-04-01 21:45:40,996 WARNING django.request Unauthorized: /api/procurement/payment-terms/
2026-04-01 21:45:40,997 WARNING django.request Unauthorized: /api/procurement/lead-time/
2026-04-01 21:45:41,001 WARNING django.request Unauthorized: /api/procurement/returns/
2026-04-01 21:45:41,003 WARNING django.request Not Found: /api/procurement/savings/
2026-04-01 21:45:41,009 WARNING django.request Not Found: /api/procurement/po-status/
2026-04-01 21:45:58,983 WARNING django.request Unauthorized: /api/procurement/supplier-scorecard/
2026-04-01 21:45:58,987 WARNING django.request Not Found: /api/procurement/overview/
2026-04-01 21:45:58,988 WARNING django.request Unauthorized: /api/procurement/cost-comparison/
2026-04-01 21:45:58,988 WARNING django.request Unauthorized: /api/procurement/price-trend/
2026-04-01 21:45:58,992 WARNING django.request Unauthorized: /api/procurement/payment-terms/
2026-04-01 21:45:58,993 WARNING django.request Unauthorized: /api/procurement/lead-time/
2026-04-01 21:45:58,994 WARNING django.request Unauthorized: /api/procurement/returns/
2026-04-01 21:45:58,998 WARNING django.request Not Found: /api/procurement/savings/
2026-04-01 21:45:59,001 WARNING django.request Not Found: /api/procurement/po-status/
2026-04-01 21:46:09,985 WARNING django.request Not Found: /api/procurement/overview/
2026-04-01 21:46:09,986 WARNING django.request Unauthorized: /api/procurement/supplier-scorecard/
2026-04-01 21:46:09,987 WARNING django.request Unauthorized: /api/procurement/cost-comparison/
2026-04-01 21:46:09,988 WARNING django.request Unauthorized: /api/procurement/price-trend/
2026-04-01 21:46:09,991 WARNING django.request Unauthorized: /api/procurement/payment-terms/
2026-04-01 21:46:09,998 WARNING django.request Unauthorized: /api/procurement/returns/
2026-04-01 21:46:09,999 WARNING django.request Unauthorized: /api/procurement/lead-time/
2026-04-01 21:46:10,002 WARNING django.request Not Found: /api/procurement/savings/
2026-04-01 21:46:10,005 WARNING django.request Not Found: /api/procurement/po-status/
2026-04-01 22:10:10,907 WARNING django.request Unauthorized: /api/executive/kpis/
2026-04-01 22:10:10,908 WARNING django.request Unauthorized: /api/executive/revenue-trend/
2026-04-01 22:10:10,911 WARNING django.request Unauthorized: /api/executive/channel-mix/
2026-04-01 22:10:10,912 WARNING django.request Unauthorized: /api/executive/category-revenue/
2026-04-01 22:10:10,915 WARNING django.request Unauthorized: /api/executive/top-products/
2026-04-01 22:10:10,916 WARNING django.request Unauthorized: /api/executive/inventory-alerts/
2026-04-01 22:10:14,696 WARNING django.request Unauthorized: /api/financial/pnl/
2026-04-01 22:10:14,697 WARNING django.request Unauthorized: /api/financial/pnl-trend/
2026-04-01 22:10:14,698 WARNING django.request Unauthorized: /api/financial/expense-breakdown/
2026-04-01 22:10:14,700 WARNING django.request Unauthorized: /api/financial/balance-sheet/
2026-04-01 22:10:14,702 WARNING django.request Unauthorized: /api/financial/ratios/
2026-04-01 22:10:14,704 WARNING django.request Unauthorized: /api/financial/cash-flow/
2026-04-01 22:10:14,710 WARNING django.request Not Found: /api/financial/profit-bridge/
2026-04-01 22:10:16,869 WARNING django.request Unauthorized: /api/sales/overview/
2026-04-01 22:10:16,870 WARNING django.request Unauthorized: /api/sales/products/
2026-04-01 22:10:16,871 WARNING django.request Unauthorized: /api/sales/payment-mix/
2026-04-01 22:10:16,873 WARNING django.request Unauthorized: /api/sales/hourly/
2026-04-01 22:10:16,874 WARNING django.request Unauthorized: /api/sales/categories/
2026-04-01 22:10:16,875 WARNING django.request Unauthorized: /api/sales/customers/
2026-04-01 22:10:16,877 WARNING django.request Unauthorized: /api/sales/customer-segments/
2026-04-01 22:10:16,878 WARNING django.request Unauthorized: /api/sales/doctors/
2026-04-01 22:10:16,881 WARNING django.request Unauthorized: /api/sales/doctor-specialties/
2026-04-01 22:10:16,882 WARNING django.request Unauthorized: /api/sales/returns/overview/
2026-04-01 22:10:16,883 WARNING django.request Unauthorized: /api/sales/slow-movers/
2026-04-01 22:10:16,888 WARNING django.request Not Found: /api/sales/product-profitability/
2026-04-01 22:10:16,892 WARNING django.request Not Found: /api/sales/customer-growth/
2026-04-01 22:10:16,903 WARNING django.request Not Found: /api/sales/outstanding-aging/
2026-04-01 22:10:16,909 WARNING django.request Not Found: /api/sales/doctor-prescription-trend/
2026-04-01 22:10:16,912 WARNING django.request Unauthorized: /api/sales/returns/by-category/
2026-04-01 22:10:16,920 WARNING django.request Not Found: /api/sales/returns/profit-impact/
2026-04-01 22:10:16,923 WARNING django.request Not Found: /api/sales/doctor-radar/
2026-04-01 22:11:19,951 INFO pipeline Full inventory pipeline refresh – clearing existing data
2026-04-01 22:11:20,020 INFO pipeline POS sales synced: 2 records, last_id=2
2026-04-01 22:11:20,030 INFO pipeline B2B sales synced: 0 records, last_id=0
2026-04-01 22:11:20,041 INFO pipeline Sales returns synced: 0 records, last_id=0
2026-04-01 22:11:20,063 INFO pipeline Purchases synced: 1 records, last_id=1
2026-04-01 22:11:20,074 INFO pipeline Purchase returns synced: 0 records, last_id=0
2026-04-01 22:11:57,616 INFO pipeline Full inventory pipeline refresh – clearing existing data
2026-04-01 22:11:57,678 INFO pipeline POS sales synced: 2 records, last_id=2
2026-04-01 22:11:57,688 INFO pipeline B2B sales synced: 0 records, last_id=0
2026-04-01 22:11:57,699 INFO pipeline Sales returns synced: 0 records, last_id=0
2026-04-01 22:11:57,720 INFO pipeline Purchases synced: 1 records, last_id=1
2026-04-01 22:11:57,731 INFO pipeline Purchase returns synced: 0 records, last_id=0
2026-04-01 22:11:57,762 INFO pipeline Inventory snapshot refreshed: 1 records
2026-04-01 22:11:57,771 INFO pipeline Inventory pipeline complete: 4 total records in 0.1s
2026-04-01 22:11:57,771 INFO pipeline Full financial pipeline refresh – clearing existing data
2026-04-01 22:11:57,825 INFO pipeline Journal entries synced: 8 records, last_id=3
2026-04-01 22:11:57,834 INFO pipeline GSTR-1 synced: 0 records
2026-04-01 22:11:57,844 INFO pipeline GSTR-3B synced: 0 records
2026-04-01 22:11:57,854 INFO pipeline GSTR-2B synced: 0 records
2026-04-01 22:11:57,867 INFO pipeline ITC reconciliation synced: 0 records
2026-04-01 22:11:57,877 INFO pipeline RCM synced: 0 records
2026-04-01 22:11:57,887 INFO pipeline TDS deductions synced: 0 records, last_id=0
2026-04-01 22:11:57,896 INFO pipeline Financial pipeline complete: 8 total records in 0.1s
2026-04-01 22:15:15,471 INFO pipeline Full inventory pipeline refresh – clearing existing data
2026-04-01 22:15:15,534 INFO pipeline POS sales synced: 2 records, last_id=2
2026-04-01 22:15:15,544 INFO pipeline B2B sales synced: 0 records, last_id=0
2026-04-01 22:15:15,554 INFO pipeline Sales returns synced: 0 records, last_id=0
2026-04-01 22:15:15,575 INFO pipeline Purchases synced: 1 records, last_id=1
2026-04-01 22:15:15,585 INFO pipeline Purchase returns synced: 0 records, last_id=0
2026-04-01 22:15:15,614 INFO pipeline Inventory snapshot refreshed: 1 records
2026-04-01 22:15:15,624 INFO pipeline Inventory pipeline complete: 4 total records in 0.1s
2026-04-01 22:15:15,624 INFO pipeline Full financial pipeline refresh – clearing existing data
2026-04-01 22:15:15,673 INFO pipeline Journal entries synced: 8 records, last_id=3
2026-04-01 22:15:15,683 INFO pipeline GSTR-1 synced: 0 records
2026-04-01 22:15:15,693 INFO pipeline GSTR-3B synced: 0 records
2026-04-01 22:15:15,703 INFO pipeline GSTR-2B synced: 0 records
2026-04-01 22:15:15,714 INFO pipeline ITC reconciliation synced: 0 records
2026-04-01 22:15:15,724 INFO pipeline RCM synced: 0 records
2026-04-01 22:15:15,734 INFO pipeline TDS deductions synced: 0 records, last_id=0
2026-04-01 22:15:15,743 INFO pipeline Financial pipeline complete: 8 total records in 0.1s
2026-04-01 22:15:16,199 INFO django.utils.autoreload Watching for file changes with StatReloader
2026-04-01 22:15:18,193 WARNING django.request Unauthorized: /api/sales/overview/
2026-04-01 22:15:18,193 WARNING django.request Unauthorized: /api/sales/customers/
2026-04-01 22:15:18,193 WARNING django.request Unauthorized: /api/sales/hourly/
2026-04-01 22:15:18,193 WARNING django.request Unauthorized: /api/sales/payment-mix/
2026-04-01 22:15:18,194 WARNING django.request Unauthorized: /api/sales/products/
2026-04-01 22:15:18,194 WARNING django.request Unauthorized: /api/sales/categories/
2026-04-01 22:15:18,201 WARNING django.request Unauthorized: /api/sales/customer-segments/
2026-04-01 22:15:18,202 WARNING django.request Unauthorized: /api/sales/returns/overview/
2026-04-01 22:15:18,203 WARNING django.request Unauthorized: /api/sales/doctor-specialties/
2026-04-01 22:15:18,204 WARNING django.request Unauthorized: /api/sales/doctors/
2026-04-01 22:15:18,205 WARNING django.request Unauthorized: /api/sales/slow-movers/
2026-04-01 22:15:18,212 WARNING django.request Not Found: /api/sales/product-profitability/
2026-04-01 22:15:18,218 WARNING django.request Not Found: /api/sales/customer-growth/
2026-04-01 22:15:18,221 WARNING django.request Not Found: /api/sales/outstanding-aging/
2026-04-01 22:15:18,222 WARNING django.request Unauthorized: /api/sales/returns/by-category/
2026-04-01 22:15:18,232 WARNING django.request Not Found: /api/sales/doctor-radar/
2026-04-01 22:15:18,236 WARNING django.request Not Found: /api/sales/doctor-prescription-trend/
2026-04-01 22:15:18,239 WARNING django.request Not Found: /api/sales/returns/profit-impact/
2026-04-01 22:15:21,089 WARNING django.request Unauthorized: /api/inventory/efficiency/
2026-04-01 22:15:21,090 WARNING django.request Unauthorized: /api/inventory/by-category/
2026-04-01 22:15:21,091 WARNING django.request Unauthorized: /api/inventory/expiry/
2026-04-01 22:15:21,092 WARNING django.request Unauthorized: /api/inventory/abc-ved/
2026-04-01 22:15:21,093 WARNING django.request Unauthorized: /api/inventory/overview/
2026-04-01 22:15:21,095 WARNING django.request Unauthorized: /api/inventory/dead-stock/
2026-04-01 22:15:21,096 WARNING django.request Unauthorized: /api/inventory/batches/
2026-04-01 22:15:21,099 WARNING django.request Unauthorized: /api/inventory/investment/
2026-04-01 22:15:21,101 WARNING django.request Unauthorized: /api/inventory/movement-trend/
2026-04-01 22:15:21,111 WARNING django.request Not Found: /api/inventory/carrying-cost/
2026-04-01 22:15:21,114 WARNING django.request Not Found: /api/inventory/stock-alerts/
2026-04-01 22:15:21,116 WARNING django.request Unauthorized: /api/inventory/forecast/
2026-04-01 22:15:21,119 WARNING django.request Not Found: /api/inventory/optimization/
2026-04-01 22:15:21,126 WARNING django.request Not Found: /api/inventory/turnover/
2026-04-01 22:15:21,130 WARNING django.request Not Found: /api/inventory/batch-detail/
2026-04-01 22:15:21,135 WARNING django.request Not Found: /api/inventory/investment-detail/
2026-04-01 22:15:23,100 WARNING django.request Unauthorized: /api/sales/overview/
2026-04-01 22:15:23,101 WARNING django.request Unauthorized: /api/sales/payment-mix/
2026-04-01 22:15:23,102 WARNING django.request Unauthorized: /api/sales/hourly/
2026-04-01 22:15:23,104 WARNING django.request Unauthorized: /api/sales/products/
2026-04-01 22:15:23,105 WARNING django.request Unauthorized: /api/sales/categories/
2026-04-01 22:15:23,106 WARNING django.request Unauthorized: /api/sales/customers/
2026-04-01 22:15:23,108 WARNING django.request Unauthorized: /api/sales/customer-segments/
2026-04-01 22:15:23,109 WARNING django.request Unauthorized: /api/sales/doctors/
2026-04-01 22:15:23,114 WARNING django.request Unauthorized: /api/sales/returns/overview/
2026-04-01 22:15:23,115 WARNING django.request Unauthorized: /api/sales/slow-movers/
2026-04-01 22:15:23,116 WARNING django.request Unauthorized: /api/sales/doctor-specialties/
2026-04-01 22:15:23,122 WARNING django.request Not Found: /api/sales/product-profitability/
2026-04-01 22:15:23,125 WARNING django.request Not Found: /api/sales/customer-growth/
2026-04-01 22:15:23,128 WARNING django.request Not Found: /api/sales/outstanding-aging/
2026-04-01 22:15:23,129 WARNING django.request Unauthorized: /api/sales/returns/by-category/
2026-04-01 22:15:23,133 WARNING django.request Not Found: /api/sales/doctor-prescription-trend/
2026-04-01 22:15:23,137 WARNING django.request Not Found: /api/sales/doctor-radar/
2026-04-01 22:15:23,146 WARNING django.request Not Found: /api/sales/returns/profit-impact/
2026-04-01 22:15:24,321 WARNING django.request Not Found: /api/procurement/overview/
2026-04-01 22:15:24,322 WARNING django.request Unauthorized: /api/procurement/cost-comparison/
2026-04-01 22:15:24,326 WARNING django.request Unauthorized: /api/procurement/payment-terms/
2026-04-01 22:15:24,327 WARNING django.request Unauthorized: /api/procurement/lead-time/
2026-04-01 22:15:24,328 WARNING django.request Unauthorized: /api/procurement/supplier-scorecard/
2026-04-01 22:15:24,329 WARNING django.request Unauthorized: /api/procurement/price-trend/
2026-04-01 22:15:24,332 WARNING django.request Not Found: /api/procurement/savings/
2026-04-01 22:15:24,333 WARNING django.request Unauthorized: /api/procurement/returns/
2026-04-01 22:15:24,340 WARNING django.request Not Found: /api/procurement/po-status/
2026-04-01 22:15:25,718 WARNING django.request Unauthorized: /api/gst/overview/
2026-04-01 22:15:25,719 WARNING django.request Unauthorized: /api/gst/gstr1/
2026-04-01 22:15:25,720 WARNING django.request Unauthorized: /api/gst/gstr3b/
2026-04-01 22:15:25,721 WARNING django.request Unauthorized: /api/gst/by-rate/
2026-04-01 22:15:25,722 WARNING django.request Unauthorized: /api/gst/itc/
2026-04-01 22:15:25,723 WARNING django.request Unauthorized: /api/gst/rcm/
2026-04-01 22:15:25,729 WARNING django.request Not Found: /api/gst/compliance-status/
2026-04-01 22:15:58,857 WARNING django.request Unauthorized: /api/tds/trend/
2026-04-01 22:15:58,858 WARNING django.request Unauthorized: /api/tds/challans/
2026-04-01 22:15:58,859 WARNING django.request Unauthorized: /api/tds/overview/
2026-04-01 22:15:58,863 WARNING django.request Not Found: /api/tds/sections/
2026-04-01 22:15:59,462 WARNING django.request Not Found: /api/working-capital/overview/
2026-04-01 22:15:59,463 WARNING django.request Unauthorized: /api/working-capital/receivables/
2026-04-01 22:15:59,464 WARNING django.request Unauthorized: /api/working-capital/ccc/
2026-04-01 22:15:59,465 WARNING django.request Unauthorized: /api/working-capital/payables/
2026-04-01 22:16:01,120 WARNING django.request Not Found: /api/location/overview/
2026-04-01 22:16:01,121 WARNING django.request Unauthorized: /api/location/comparison/
2026-04-01 22:16:01,122 WARNING django.request Unauthorized: /api/location/trend/
2026-04-01 22:16:01,927 WARNING django.request Not Found: /api/product/overview/
2026-04-01 22:16:01,928 WARNING django.request Unauthorized: /api/product/lifecycle/
2026-04-01 22:16:01,929 WARNING django.request Unauthorized: /api/product/pricing/
2026-04-01 22:16:02,827 WARNING django.request Unauthorized: /api/dispatch/pipeline/
2026-04-01 22:16:02,830 WARNING django.request Not Found: /api/dispatch/overview/
2026-04-01 22:16:02,831 WARNING django.request Unauthorized: /api/dispatch/courier-performance/
2026-04-01 22:16:05,063 WARNING django.request Unauthorized: /api/executive/kpis/
2026-04-01 22:16:05,064 WARNING django.request Unauthorized: /api/executive/revenue-trend/
2026-04-01 22:16:05,065 WARNING django.request Unauthorized: /api/executive/category-revenue/
2026-04-01 22:16:05,067 WARNING django.request Unauthorized: /api/executive/channel-mix/
2026-04-01 22:16:05,071 WARNING django.request Unauthorized: /api/executive/top-products/
2026-04-01 22:16:05,073 WARNING django.request Unauthorized: /api/executive/inventory-alerts/
2026-04-01 22:17:11,154 INFO django.utils.autoreload /home/sahee/biloop/healthcare-inventory-dashboard/backend/dashboard_project/settings.py changed, reloading.
2026-04-01 22:17:11,424 INFO django.utils.autoreload Watching for file changes with StatReloader
2026-04-01 22:17:14,847 WARNING django.request Unauthorized: /api/executive/kpis/
2026-04-01 22:17:14,853 WARNING django.request Unauthorized: /api/sales/overview/
2026-04-01 22:17:31,762 INFO django.utils.autoreload /home/sahee/biloop/healthcare-inventory-dashboard/backend/api/working_capital.py changed, reloading.
2026-04-01 22:17:32,050 INFO django.utils.autoreload Watching for file changes with StatReloader
2026-04-01 22:17:52,009 WARNING django.request Not Found: /api/procurement/overview/
2026-04-01 22:17:52,019 WARNING django.request Not Found: /api/procurement/savings/
2026-04-01 22:17:52,028 WARNING django.request Not Found: /api/procurement/po-status/
2026-04-01 22:19:41,438 INFO pipeline Full inventory pipeline refresh – clearing existing data
2026-04-01 22:19:41,506 INFO pipeline POS sales synced: 2 records, last_id=2
2026-04-01 22:19:41,516 INFO pipeline B2B sales synced: 0 records, last_id=0
2026-04-01 22:19:41,527 INFO pipeline Sales returns synced: 0 records, last_id=0
2026-04-01 22:19:41,549 INFO pipeline Purchases synced: 1 records, last_id=1
2026-04-01 22:19:41,559 INFO pipeline Purchase returns synced: 0 records, last_id=0
2026-04-01 22:19:41,590 INFO pipeline Inventory snapshot refreshed: 1 records
2026-04-01 22:19:41,599 INFO pipeline Inventory pipeline complete: 4 total records in 0.2s
2026-04-01 22:19:41,599 INFO pipeline Full financial pipeline refresh – clearing existing data
2026-04-01 22:19:41,650 INFO pipeline Journal entries synced: 8 records, last_id=3
2026-04-01 22:19:41,659 INFO pipeline GSTR-1 synced: 0 records
2026-04-01 22:19:41,669 INFO pipeline GSTR-3B synced: 0 records
2026-04-01 22:19:41,679 INFO pipeline GSTR-2B synced: 0 records
2026-04-01 22:19:41,689 INFO pipeline ITC reconciliation synced: 0 records
2026-04-01 22:19:41,699 INFO pipeline RCM synced: 0 records
2026-04-01 22:19:41,709 INFO pipeline TDS deductions synced: 0 records, last_id=0
2026-04-01 22:19:41,718 INFO pipeline Financial pipeline complete: 8 total records in 0.1s
2026-04-01 22:19:42,187 INFO django.utils.autoreload Watching for file changes with StatReloader
2026-04-01 22:20:28,562 WARNING django.request Not Found: /api/financial/profit-bridge/
2026-04-01 22:20:39,125 WARNING django.request Not Found: /api/sales/product-profitability/
2026-04-01 22:20:39,132 WARNING django.request Not Found: /api/sales/customer-growth/
2026-04-01 22:20:39,137 WARNING django.request Not Found: /api/sales/outstanding-aging/
2026-04-01 22:20:39,145 WARNING django.request Not Found: /api/sales/doctor-prescription-trend/
2026-04-01 22:20:39,150 WARNING django.request Not Found: /api/sales/doctor-radar/
2026-04-01 22:20:39,154 WARNING django.request Not Found: /api/sales/returns/profit-impact/
2026-04-01 22:20:57,713 ERROR django.request Internal Server Error: /api/sales/detail/
Traceback (most recent call last):
  File "/home/sahee/.local/lib/python3.12/site-packages/django/core/handlers/exception.py", line 55, in inner
    response = get_response(request)
               ^^^^^^^^^^^^^^^^^^^^^
  File "/home/sahee/.local/lib/python3.12/site-packages/django/core/handlers/base.py", line 198, in _get_response
    response = wrapped_callback(request, *callback_args, **callback_kwargs)
               ^^^^^^^^^^^^^^^^^^^^^^^^^^^^^^^^^^^^^^^^^^^^^^^^^^^^^^^^^^^^
  File "/home/sahee/.local/lib/python3.12/site-packages/django/views/decorators/csrf.py", line 65, in _view_wrapper
    return view_func(request, *args, **kwargs)
           ^^^^^^^^^^^^^^^^^^^^^^^^^^^^^^^^^^^
  File "/home/sahee/.local/lib/python3.12/site-packages/django/views/generic/base.py", line 106, in view
    return self.dispatch(request, *args, **kwargs)
           ^^^^^^^^^^^^^^^^^^^^^^^^^^^^^^^^^^^^^^^
  File "/home/sahee/.local/lib/python3.12/site-packages/rest_framework/views.py", line 515, in dispatch
    response = self.handle_exception(exc)
               ^^^^^^^^^^^^^^^^^^^^^^^^^^
  File "/home/sahee/.local/lib/python3.12/site-packages/rest_framework/views.py", line 475, in handle_exception
    self.raise_uncaught_exception(exc)
  File "/home/sahee/.local/lib/python3.12/site-packages/rest_framework/views.py", line 486, in raise_uncaught_exception
    raise exc
  File "/home/sahee/.local/lib/python3.12/site-packages/rest_framework/views.py", line 512, in dispatch
    response = handler(request, *args, **kwargs)
               ^^^^^^^^^^^^^^^^^^^^^^^^^^^^^^^^^
  File "/home/sahee/.local/lib/python3.12/site-packages/rest_framework/decorators.py", line 50, in handler
    return func(*args, **kwargs)
           ^^^^^^^^^^^^^^^^^^^^^
  File "/home/sahee/biloop/healthcare-inventory-dashboard/backend/api/sales.py", line 252, in detail
    data = list(page.values(
                ^^^^^^^^^^^
AttributeError: 'list' object has no attribute 'values'
2026-04-01 22:21:01,540 WARNING django.request Not Found: /api/sales/product-profitability/
2026-04-01 22:21:01,545 WARNING django.request Not Found: /api/sales/customer-growth/
2026-04-01 22:21:01,551 WARNING django.request Not Found: /api/sales/outstanding-aging/
2026-04-01 22:21:01,557 WARNING django.request Not Found: /api/sales/doctor-prescription-trend/
2026-04-01 22:21:01,563 WARNING django.request Not Found: /api/sales/doctor-radar/
2026-04-01 22:21:01,574 WARNING django.request Not Found: /api/sales/returns/profit-impact/
2026-04-01 22:21:02,489 WARNING django.request Not Found: /api/inventory/stock-alerts/
2026-04-01 22:21:02,498 WARNING django.request Not Found: /api/inventory/carrying-cost/
2026-04-01 22:21:02,502 WARNING django.request Not Found: /api/inventory/optimization/
2026-04-01 22:21:02,506 WARNING django.request Not Found: /api/inventory/turnover/
2026-04-01 22:21:02,513 WARNING django.request Not Found: /api/inventory/batch-detail/
2026-04-01 22:21:02,519 WARNING django.request Not Found: /api/inventory/investment-detail/
2026-04-01 22:30:06,785 WARNING django.request Not Found: /api/procurement/overview/
2026-04-01 22:30:06,809 WARNING django.request Not Found: /api/procurement/savings/
2026-04-01 22:30:06,816 WARNING django.request Not Found: /api/procurement/po-status/
2026-04-01 22:30:11,214 WARNING django.request Not Found: /api/inventory/stock-alerts/
2026-04-01 22:30:11,218 WARNING django.request Not Found: /api/inventory/carrying-cost/
2026-04-01 22:30:11,228 WARNING django.request Not Found: /api/inventory/optimization/
2026-04-01 22:30:11,241 WARNING django.request Not Found: /api/inventory/turnover/
2026-04-01 22:30:11,245 WARNING django.request Not Found: /api/inventory/batch-detail/
2026-04-01 22:30:11,250 WARNING django.request Not Found: /api/inventory/investment-detail/
2026-04-01 22:30:12,654 WARNING django.request Not Found: /api/sales/product-profitability/
2026-04-01 22:30:12,660 WARNING django.request Not Found: /api/sales/customer-growth/
2026-04-01 22:30:12,667 WARNING django.request Not Found: /api/sales/outstanding-aging/
2026-04-01 22:30:12,676 WARNING django.request Not Found: /api/sales/doctor-prescription-trend/
2026-04-01 22:30:12,680 WARNING django.request Not Found: /api/sales/doctor-radar/
2026-04-01 22:30:12,692 WARNING django.request Not Found: /api/sales/returns/profit-impact/
2026-04-01 22:30:13,762 WARNING django.request Not Found: /api/inventory/stock-alerts/
2026-04-01 22:30:13,766 WARNING django.request Not Found: /api/inventory/carrying-cost/
2026-04-01 22:30:13,774 WARNING django.request Not Found: /api/inventory/optimization/
2026-04-01 22:30:13,783 WARNING django.request Not Found: /api/inventory/turnover/
2026-04-01 22:30:13,795 WARNING django.request Not Found: /api/inventory/batch-detail/
2026-04-01 22:30:13,802 WARNING django.request Not Found: /api/inventory/investment-detail/
2026-04-01 22:30:14,830 WARNING django.request Not Found: /api/procurement/overview/
2026-04-01 22:30:14,840 WARNING django.request Not Found: /api/procurement/savings/
2026-04-01 22:30:14,851 WARNING django.request Not Found: /api/procurement/po-status/
2026-04-01 22:30:16,576 WARNING django.request Not Found: /api/inventory/stock-alerts/
2026-04-01 22:30:16,585 WARNING django.request Not Found: /api/inventory/carrying-cost/
2026-04-01 22:30:16,590 WARNING django.request Not Found: /api/inventory/optimization/
2026-04-01 22:30:16,602 WARNING django.request Not Found: /api/inventory/turnover/
2026-04-01 22:30:16,607 WARNING django.request Not Found: /api/inventory/batch-detail/
2026-04-01 22:30:16,611 WARNING django.request Not Found: /api/inventory/investment-detail/
2026-04-01 22:30:32,281 WARNING django.request Not Found: /api/procurement/overview/
2026-04-01 22:30:32,291 WARNING django.request Not Found: /api/procurement/savings/
2026-04-01 22:30:32,299 WARNING django.request Not Found: /api/procurement/po-status/
2026-04-01 22:31:08,182 WARNING django.request Not Found: /api/procurement/overview/
2026-04-01 22:31:08,190 WARNING django.request Not Found: /api/procurement/savings/
2026-04-01 22:31:08,197 WARNING django.request Not Found: /api/procurement/po-status/
2026-04-01 22:32:04,202 INFO django.utils.autoreload /home/sahee/biloop/healthcare-inventory-dashboard/backend/api/procurement.py changed, reloading.
2026-04-01 22:32:04,693 INFO django.utils.autoreload Watching for file changes with StatReloader
2026-04-01 22:32:14,159 INFO django.utils.autoreload /home/sahee/biloop/healthcare-inventory-dashboard/backend/api/urls.py changed, reloading.
2026-04-01 22:32:14,463 INFO django.utils.autoreload Watching for file changes with StatReloader
2026-04-01 22:32:30,142 WARNING django.request Not Found: /api/inventory/stock-alerts/
2026-04-01 22:32:30,160 WARNING django.request Not Found: /api/inventory/carrying-cost/
2026-04-01 22:32:30,164 WARNING django.request Not Found: /api/inventory/optimization/
2026-04-01 22:32:30,183 WARNING django.request Not Found: /api/inventory/turnover/
2026-04-01 22:32:30,187 WARNING django.request Not Found: /api/inventory/investment-detail/
2026-04-01 22:32:30,190 WARNING django.request Not Found: /api/inventory/batch-detail/
2026-04-01 22:32:50,114 WARNING django.request Not Found: /api/inventory/stock-alerts/
2026-04-01 22:32:50,118 WARNING django.request Not Found: /api/inventory/carrying-cost/
2026-04-01 22:32:50,130 WARNING django.request Not Found: /api/inventory/optimization/
2026-04-01 22:32:50,139 WARNING django.request Not Found: /api/inventory/turnover/
2026-04-01 22:32:50,143 WARNING django.request Not Found: /api/inventory/batch-detail/
2026-04-01 22:32:50,153 WARNING django.request Not Found: /api/inventory/investment-detail/
2026-04-01 22:53:28,159 WARNING django.request Not Found: /api/financial/profit-bridge/
2026-04-01 22:53:29,098 WARNING django.request Not Found: /api/sales/customer-growth/
2026-04-01 22:53:29,106 WARNING django.request Not Found: /api/sales/product-profitability/
2026-04-01 22:53:29,122 WARNING django.request Not Found: /api/sales/outstanding-aging/
2026-04-01 22:53:29,129 WARNING django.request Not Found: /api/sales/doctor-prescription-trend/
2026-04-01 22:53:29,134 WARNING django.request Not Found: /api/sales/doctor-radar/
2026-04-01 22:53:29,145 WARNING django.request Not Found: /api/sales/returns/profit-impact/
2026-04-01 22:53:29,881 WARNING django.request Not Found: /api/inventory/stock-alerts/
2026-04-01 22:53:29,889 WARNING django.request Not Found: /api/inventory/carrying-cost/
2026-04-01 22:53:29,907 WARNING django.request Not Found: /api/inventory/optimization/
2026-04-01 22:53:29,915 WARNING django.request Not Found: /api/inventory/turnover/
2026-04-01 22:53:29,925 WARNING django.request Not Found: /api/inventory/batch-detail/
2026-04-01 22:53:29,934 WARNING django.request Not Found: /api/inventory/investment-detail/
2026-04-01 22:53:31,504 WARNING django.request Not Found: /api/gst/compliance-status/
2026-04-01 22:53:32,297 WARNING django.request Not Found: /api/tds/sections/
2026-04-01 22:53:33,068 WARNING django.request Not Found: /api/working-capital/overview/
2026-04-01 22:53:33,833 WARNING django.request Not Found: /api/location/overview/
2026-04-01 22:55:05,031 WARNING django.request Not Found: /api/gst/compliance-status/
2026-04-01 22:55:05,980 WARNING django.request Not Found: /api/tds/sections/
2026-04-01 22:55:06,897 WARNING django.request Not Found: /api/working-capital/overview/
2026-04-01 22:55:09,430 WARNING django.request Not Found: /api/product/overview/
2026-04-01 22:55:09,450 ERROR django.request Internal Server Error: /api/product/pricing/
Traceback (most recent call last):
  File "/home/sahee/.local/lib/python3.12/site-packages/django/core/handlers/exception.py", line 55, in inner
    response = get_response(request)
               ^^^^^^^^^^^^^^^^^^^^^
  File "/home/sahee/.local/lib/python3.12/site-packages/django/core/handlers/base.py", line 198, in _get_response
    response = wrapped_callback(request, *callback_args, **callback_kwargs)
               ^^^^^^^^^^^^^^^^^^^^^^^^^^^^^^^^^^^^^^^^^^^^^^^^^^^^^^^^^^^^
  File "/home/sahee/.local/lib/python3.12/site-packages/django/views/decorators/csrf.py", line 65, in _view_wrapper
    return view_func(request, *args, **kwargs)
           ^^^^^^^^^^^^^^^^^^^^^^^^^^^^^^^^^^^
  File "/home/sahee/.local/lib/python3.12/site-packages/django/views/generic/base.py", line 106, in view
    return self.dispatch(request, *args, **kwargs)
           ^^^^^^^^^^^^^^^^^^^^^^^^^^^^^^^^^^^^^^^
  File "/home/sahee/.local/lib/python3.12/site-packages/rest_framework/views.py", line 515, in dispatch
    response = self.handle_exception(exc)
               ^^^^^^^^^^^^^^^^^^^^^^^^^^
  File "/home/sahee/.local/lib/python3.12/site-packages/rest_framework/views.py", line 475, in handle_exception
    self.raise_uncaught_exception(exc)
  File "/home/sahee/.local/lib/python3.12/site-packages/rest_framework/views.py", line 486, in raise_uncaught_exception
    raise exc
  File "/home/sahee/.local/lib/python3.12/site-packages/rest_framework/views.py", line 512, in dispatch
    response = handler(request, *args, **kwargs)
               ^^^^^^^^^^^^^^^^^^^^^^^^^^^^^^^^^
  File "/home/sahee/.local/lib/python3.12/site-packages/rest_framework/decorators.py", line 50, in handler
    return func(*args, **kwargs)
           ^^^^^^^^^^^^^^^^^^^^^
  File "/home/sahee/biloop/healthcare-inventory-dashboard/backend/api/product.py", line 46, in pricing
    purchase_data = dict(
                    ^^^^^
ValueError: dictionary update sequence element #0 has length 3; 2 is required
2026-04-01 22:55:10,551 WARNING django.request Not Found: /api/dispatch/overview/
2026-04-01 22:55:11,660 WARNING django.request Not Found: /api/loyalty/overview/
2026-04-01 22:55:59,952 WARNING django.request Not Found: /api/loyalty/overview/
2026-04-01 22:56:07,984 WARNING django.request Not Found: /api/loyalty/overview/
2026-04-01 22:56:17,059 WARNING django.request Not Found: /api/loyalty/overview/
2026-04-01 23:59:46,895 WARNING django.request Not Found: /api/financial/profit-bridge/
2026-04-01 23:59:48,150 WARNING django.request Not Found: /api/sales/product-profitability/
2026-04-01 23:59:48,155 WARNING django.request Not Found: /api/sales/customer-growth/
2026-04-01 23:59:48,171 WARNING django.request Not Found: /api/sales/outstanding-aging/
2026-04-01 23:59:48,177 WARNING django.request Not Found: /api/sales/doctor-prescription-trend/
2026-04-01 23:59:48,195 WARNING django.request Not Found: /api/sales/doctor-radar/
2026-04-01 23:59:48,208 WARNING django.request Not Found: /api/sales/returns/profit-impact/
2026-04-01 23:59:49,210 WARNING django.request Not Found: /api/inventory/stock-alerts/
2026-04-01 23:59:49,224 WARNING django.request Not Found: /api/inventory/carrying-cost/
2026-04-01 23:59:49,232 WARNING django.request Not Found: /api/inventory/optimization/
2026-04-01 23:59:49,250 WARNING django.request Not Found: /api/inventory/turnover/
2026-04-01 23:59:49,258 WARNING django.request Not Found: /api/inventory/batch-detail/
2026-04-01 23:59:49,264 WARNING django.request Not Found: /api/inventory/investment-detail/
2026-04-02 00:00:10,149 WARNING django.request Not Found: /api/gst/compliance-status/
